<?xml version="1.0" encoding="UTF-8"?>
<testng-results ignored="0" total="1" passed="1" failed="0" skipped="0">
  <reporter-output>
  </reporter-output>
  <suite started-at="2024-04-21T18:31:03 CEST" name="Smoky" finished-at="2024-04-21T18:31:11 CEST" duration-ms="8155">
    <groups>
    </groups>
    <test started-at="2024-04-21T18:31:03 CEST" name="Smoky" finished-at="2024-04-21T18:31:11 CEST" duration-ms="8155">
      <class name="com.demoqa.tests.PracticeFormTest">
        <test-method is-config="true" signature="init()[pri:0, instance:com.demoqa.tests.PracticeFormTest@62230c58]" started-at="2024-04-21T18:31:03 CEST" name="init" finished-at="2024-04-21T18:31:08 CEST" duration-ms="5451" status="PASS">
          <reporter-output>
          </reporter-output>
        </test-method> <!-- init -->
        <test-method is-config="true" signature="precondition()[pri:0, instance:com.demoqa.tests.PracticeFormTest@62230c58]" started-at="2024-04-21T18:31:08 CEST" name="precondition" finished-at="2024-04-21T18:31:09 CEST" duration-ms="221" status="PASS">
          <reporter-output>
          </reporter-output>
        </test-method> <!-- precondition -->
        <test-method signature="createStudentAccountTest()[pri:0, instance:com.demoqa.tests.PracticeFormTest@62230c58]" started-at="2024-04-21T18:31:09 CEST" name="createStudentAccountTest" finished-at="2024-04-21T18:31:11 CEST" duration-ms="2309" status="PASS">
          <reporter-output>
          </reporter-output>
        </test-method> <!-- createStudentAccountTest -->
        <test-method is-config="true" signature="tearDown()[pri:0, instance:com.demoqa.tests.PracticeFormTest@62230c58]" started-at="2024-04-21T18:31:11 CEST" name="tearDown" finished-at="2024-04-21T18:31:11 CEST" duration-ms="156" status="PASS">
          <reporter-output>
          </reporter-output>
        </test-method> <!-- tearDown -->
      </class> <!-- com.demoqa.tests.PracticeFormTest -->
    </test> <!-- Smoky -->
  </suite> <!-- Smoky -->
</testng-results>
